This is TeX, Version 3.14159265 (TeX Live 2017/Debian) (preloaded format=tex 2020.7.10)  20 OCT 2020 21:04
**rev_style.dbj
(./rev_style.dbj (/usr/share/texlive/texmf-dist/tex/latex/base/docstrip.tex
\blockLevel=\count26
\emptyLines=\count27
\processedLines=\count28
\commentsRemoved=\count29
\commentsPassed=\count30
\codeLinesPassed=\count31
\TotalprocessedLines=\count32
\TotalcommentsRemoved=\count33
\TotalcommentsPassed=\count34
\TotalcodeLinesPassed=\count35
\NumberOfFiles=\count36
\inFile=\read0
\inputcheck=\read1
\@tempcnta=\count37
\off@0=\count38
\off@1=\count39
\off@2=\count40
\off@3=\count41
\off@4=\count42
\off@5=\count43
\off@6=\count44
\off@7=\count45
\off@8=\count46
\off@9=\count47
\off@10=\count48
\off@11=\count49
\off@12=\count50
\off@13=\count51
\off@14=\count52
\off@15=\count53
\@temptokena=\toks12
\@maxfiles=\count54
\@maxoutfiles=\count55

Utility: `docstrip' 2.5e <2014/09/29>
English documentation    <2017/03/13>

**********************************************************
* This program converts documented macro-files into fast *
* loadable files by stripping off (nearly) all comments! *
**********************************************************

********************************************************
* No Configuration file found, using default settings. *
********************************************************

)

Generating file(s) rev_style.bst 
\openout0 = `rev_style.bst'.


Processing file merlin.mbs (ay,har,harnm,nm-rvcx,ed-rev,jnrlst,mcite,mct-1,mct-
x3,keyxyr,dt-beg,yrp-per,note-yr,trtit-b,pgsep-c,pp-last,num-xser,ser-ed,add-pu
b,pre-edn,doi,edpar,blk-tit,in-col,pp,ed,abr,ednx,ord,varand,and-xcom,etal-xc,u
rl,url-nt,nfss,) -> rev_style.bst
Lines  processed: 9446
Comments removed: 3867
Comments  passed: 1
Codelines passed: 3732

 )
No pages of output.
